<?xml version="1.0" encoding="UTF-8"?>
<testsuite name="BinStringTestOriginal" tests="1" skipped="0" failures="0" errors="0" timestamp="2020-11-02T15:22:20" hostname="LAPTOP-HVGA3O3M" time="0.015">
  <properties/>
  <testcase name="testTotalConversion()" classname="BinStringTestOriginal" time="0.015"/>
  <system-out><![CDATA[]]></system-out>
  <system-err><![CDATA[]]></system-err>
</testsuite>
